Running: /opt/Xilinx/12.4/ISE_DS/ISE/bin/lin64/unwrapped/fuse -intstyle ise -incremental -lib unisims_ver -lib unimacro_ver -lib xilinxcorelib_ver -o /home/alberto/Documentos/Dropbox/EDC/Aula/tema3/Ejercicios/TrabajoCasa/2016-2017/ComputadorSimple3/test_cs3_isim_beh.exe -prj /home/alberto/Documentos/Dropbox/EDC/Aula/tema3/Ejercicios/TrabajoCasa/2016-2017/ComputadorSimple3/test_cs3_beh.prj work.test_cs3 work.glbl 
ISim M.81d (signature 0x9ca8bed6)
Number of CPUs detected in this system: 4
Turning on mult-threading, number of parallel sub-compilation jobs: 8 
Determining compilation order of HDL files
Analyzing Verilog file \"/home/alberto/Documentos/Dropbox/EDC/Aula/tema3/Ejercicios/TrabajoCasa/2016-2017/ComputadorSimple3/UnidadDatos.v\" into library work
Analyzing Verilog file \"/home/alberto/Documentos/Dropbox/EDC/Aula/tema3/Ejercicios/TrabajoCasa/2016-2017/ComputadorSimple3/UnidadControl.v\" into library work
Analyzing Verilog file \"/home/alberto/Documentos/Dropbox/EDC/Aula/tema3/Ejercicios/TrabajoCasa/2016-2017/ComputadorSimple3/ComputadorSimple3.v\" into library work
Analyzing Verilog file \"/home/alberto/Documentos/Dropbox/EDC/Aula/tema3/Ejercicios/TrabajoCasa/2016-2017/ComputadorSimple3/test_cs3.v\" into library work
Analyzing Verilog file \"/opt/Xilinx/12.4/ISE_DS/ISE//verilog/src/glbl.v\" into library work
Starting static elaboration
Completed static elaboration
Fuse Memory Usage: 70068 KB
Fuse CPU Usage: 70 ms
Compiling module muxtype
Compiling module alutype
Compiling module actype
Compiling module regestado
Compiling module regsp
Compiling module irtype
Compiling module pctype
Compiling module romtype
Compiling module ramtype
Compiling module martype
Compiling module UnidadDatos
Compiling module UnidadControl
Compiling module ComputadorSimple3
Compiling module test_cs3
Compiling module glbl
Time Resolution for simulation is 1ps.
Waiting for 8 sub-compilation(s) to finish...
Compiled 15 Verilog Units
Built simulation executable /home/alberto/Documentos/Dropbox/EDC/Aula/tema3/Ejercicios/TrabajoCasa/2016-2017/ComputadorSimple3/test_cs3_isim_beh.exe
Fuse Memory Usage: 630132 KB
Fuse CPU Usage: 110 ms
GCC CPU Usage: 1080 ms
